Crash log created at 2025-06-29 18:21:16 +0800

===== MESSAGE:

Nanoc::Core::Errors::UnknownLayout: The site does not have a layout with identifier “/layouts/_header.html”.

/Users/parolkar/workspace/smallpe/vendor/bundle/ruby/3.3.0/gems/nanoc-4.13.5/lib/nanoc/helpers/rendering.rb:20:in `render': The site does not have a layout with identifier “/layouts/_header.html”. (Nanoc::Core::Errors::UnknownLayout)
	from layout /default.html:58:in `get_binding'
	from /Users/parolkar/.rvm/rubies/ruby-3.3.4/lib/ruby/3.3.0/erb.rb:429:in `eval'
	from /Users/parolkar/.rvm/rubies/ruby-3.3.4/lib/ruby/3.3.0/erb.rb:429:in `result'
	from /Users/parolkar/workspace/smallpe/vendor/bundle/ruby/3.3.0/gems/nanoc-4.13.5/lib/nanoc/filters/erb.rb:32:in `run'
	from /Users/parolkar/workspace/smallpe/vendor/bundle/ruby/3.3.0/gems/nanoc-core-4.13.5/lib/nanoc/core/filter.rb:188:in `setup_and_run'
	from /Users/parolkar/workspace/smallpe/vendor/bundle/ruby/3.3.0/gems/nanoc-core-4.13.5/lib/nanoc/core/executor.rb:67:in `layout'
	from /Users/parolkar/workspace/smallpe/vendor/bundle/ruby/3.3.0/gems/nanoc-core-4.13.5/lib/nanoc/core/compilation_phases/recalculate.rb:34:in `block in run'
	from /Users/parolkar/workspace/smallpe/vendor/bundle/ruby/3.3.0/gems/nanoc-core-4.13.5/lib/nanoc/core/action_sequence.rb:48:in `each'
	from /Users/parolkar/workspace/smallpe/vendor/bundle/ruby/3.3.0/gems/nanoc-core-4.13.5/lib/nanoc/core/action_sequence.rb:48:in `each'
	from /Users/parolkar/workspace/smallpe/vendor/bundle/ruby/3.3.0/gems/nanoc-core-4.13.5/lib/nanoc/core/compilation_phases/recalculate.rb:29:in `run'
	from /Users/parolkar/workspace/smallpe/vendor/bundle/ruby/3.3.0/gems/nanoc-core-4.13.5/lib/nanoc/core/compilation_phases/abstract.rb:23:in `call'
	from /Users/parolkar/workspace/smallpe/vendor/bundle/ruby/3.3.0/gems/nanoc-core-4.13.5/lib/nanoc/core/compilation_phases/abstract.rb:25:in `block in call'
	from /Users/parolkar/workspace/smallpe/vendor/bundle/ruby/3.3.0/gems/nanoc-core-4.13.5/lib/nanoc/core/compilation_phases/cache.rb:28:in `run'
	from /Users/parolkar/workspace/smallpe/vendor/bundle/ruby/3.3.0/gems/nanoc-core-4.13.5/lib/nanoc/core/compilation_phases/abstract.rb:23:in `call'
	from /Users/parolkar/workspace/smallpe/vendor/bundle/ruby/3.3.0/gems/nanoc-core-4.13.5/lib/nanoc/core/compilation_phases/abstract.rb:25:in `block in call'
	from /Users/parolkar/workspace/smallpe/vendor/bundle/ruby/3.3.0/gems/nanoc-core-4.13.5/lib/nanoc/core/compilation_phases/resume.rb:42:in `block in fiber_for'

===== STACK TRACE:

  0. /Users/parolkar/workspace/smallpe/vendor/bundle/ruby/3.3.0/gems/nanoc-4.13.5/lib/nanoc/helpers/rendering.rb:20:in `render'
  1. layout /default.html:58:in `get_binding'
  2. /Users/parolkar/.rvm/rubies/ruby-3.3.4/lib/ruby/3.3.0/erb.rb:429:in `eval'
  3. /Users/parolkar/.rvm/rubies/ruby-3.3.4/lib/ruby/3.3.0/erb.rb:429:in `result'
  4. /Users/parolkar/workspace/smallpe/vendor/bundle/ruby/3.3.0/gems/nanoc-4.13.5/lib/nanoc/filters/erb.rb:32:in `run'
  5. /Users/parolkar/workspace/smallpe/vendor/bundle/ruby/3.3.0/gems/nanoc-core-4.13.5/lib/nanoc/core/filter.rb:188:in `setup_and_run'
  6. /Users/parolkar/workspace/smallpe/vendor/bundle/ruby/3.3.0/gems/nanoc-core-4.13.5/lib/nanoc/core/executor.rb:67:in `layout'
  7. /Users/parolkar/workspace/smallpe/vendor/bundle/ruby/3.3.0/gems/nanoc-core-4.13.5/lib/nanoc/core/compilation_phases/recalculate.rb:34:in `block in run'
  8. /Users/parolkar/workspace/smallpe/vendor/bundle/ruby/3.3.0/gems/nanoc-core-4.13.5/lib/nanoc/core/action_sequence.rb:48:in `each'
  9. /Users/parolkar/workspace/smallpe/vendor/bundle/ruby/3.3.0/gems/nanoc-core-4.13.5/lib/nanoc/core/action_sequence.rb:48:in `each'
  10. /Users/parolkar/workspace/smallpe/vendor/bundle/ruby/3.3.0/gems/nanoc-core-4.13.5/lib/nanoc/core/compilation_phases/recalculate.rb:29:in `run'
  11. /Users/parolkar/workspace/smallpe/vendor/bundle/ruby/3.3.0/gems/nanoc-core-4.13.5/lib/nanoc/core/compilation_phases/abstract.rb:23:in `call'
  12. /Users/parolkar/workspace/smallpe/vendor/bundle/ruby/3.3.0/gems/nanoc-core-4.13.5/lib/nanoc/core/compilation_phases/abstract.rb:25:in `block in call'
  13. /Users/parolkar/workspace/smallpe/vendor/bundle/ruby/3.3.0/gems/nanoc-core-4.13.5/lib/nanoc/core/compilation_phases/cache.rb:28:in `run'
  14. /Users/parolkar/workspace/smallpe/vendor/bundle/ruby/3.3.0/gems/nanoc-core-4.13.5/lib/nanoc/core/compilation_phases/abstract.rb:23:in `call'
  15. /Users/parolkar/workspace/smallpe/vendor/bundle/ruby/3.3.0/gems/nanoc-core-4.13.5/lib/nanoc/core/compilation_phases/abstract.rb:25:in `block in call'

===== VERSION INFORMATION:

Nanoc 4.13.5 © 2007–… Denis Defreyne.
Running ruby 3.3.4 (2024-07-09) on x86_64-darwin24 with RubyGems 3.5.11.

===== SYSTEM INFORMATION:

Darwin P6R-MBP.local 24.5.0 Darwin Kernel Version 24.5.0: Tue Apr 22 19:53:26 PDT 2025; root:xnu-11417.121.6~2/RELEASE_X86_64 x86_64

===== INSTALLED GEMS:

  addressable 2.8.7
  adsf 1.5.2
  adsf-live 1.5.2
  base64 0.3.0
  bundler 2.5.11
  coderay 1.1.3
  concurrent-ruby 1.3.5
  cri 2.15.12
  ddmetrics 1.1.0
  ddplugin 1.0.3
  diff-lcs 1.6.2
  em-websocket 0.5.3
  eventmachine 1.2.7
  ffi 1.17.2
  http_parser.rb 0.8.0
  immutable-ruby 0.2.0
  json_schema 0.21.0
  listen 3.9.0
  logger 1.7.0
  memo_wise 1.13.0
  method_source 1.1.0
  nanoc 4.13.5
  nanoc-checking 1.0.6
  nanoc-cli 4.13.5
  nanoc-core 4.13.5
  nanoc-deploying 1.0.2
  nanoc-live 1.1.0
  parallel 1.27.0
  pastel 0.8.0
  pry 0.15.2
  public_suffix 6.0.2
  rack 3.1.16
  rackup 2.2.1
  rb-fsevent 0.11.2
  rb-inotify 0.11.1
  rbtree 0.4.6
  set 1.1.2
  slow_enumerator_tools 1.1.0
  sorted_set 1.0.3
  tty-color 0.6.0
  tty-command 0.10.1
  tty-platform 0.3.0
  tty-which 0.5.0
  webrick 1.9.1
  zeitwerk 2.7.3

===== GEMFILE.LOCK:

GEM
  remote: https://rubygems.org/
  specs:
    addressable (2.8.7)
      public_suffix (>= 2.0.2, < 7.0)
    adsf (1.5.2)
      rack (>= 1.0.0, < 4.0.0)
      rackup (~> 2.1)
    adsf-live (1.5.2)
      adsf (~> 1.3)
      em-websocket (~> 0.5)
      eventmachine (~> 1.2)
      listen (~> 3.0)
    base64 (0.3.0)
    coderay (1.1.3)
    concurrent-ruby (1.3.5)
    cri (2.15.12)
    ddmetrics (1.1.0)
    ddplugin (1.0.3)
    diff-lcs (1.6.2)
    em-websocket (0.5.3)
      eventmachine (>= 0.12.9)
      http_parser.rb (~> 0)
    eventmachine (1.2.7)
    ffi (1.17.2)
    ffi (1.17.2-x86_64-darwin)
    http_parser.rb (0.8.0)
    immutable-ruby (0.2.0)
      concurrent-ruby (~> 1.1)
      sorted_set (~> 1.0)
    json_schema (0.21.0)
    listen (3.9.0)
      rb-fsevent (~> 0.10, >= 0.10.3)
      rb-inotify (~> 0.9, >= 0.9.10)
    logger (1.7.0)
    memo_wise (1.13.0)
    method_source (1.1.0)
    nanoc (4.13.5)
      addressable (~> 2.5)
      nanoc-checking (~> 1.0, >= 1.0.2)
      nanoc-cli (= 4.13.5)
      nanoc-core (= 4.13.5)
      nanoc-deploying (~> 1.0)
      parallel (~> 1.12)
      tty-command (~> 0.8)
      tty-which (~> 0.4)
    nanoc-checking (1.0.6)
      nanoc-cli (~> 4.12, >= 4.12.5)
      nanoc-core (~> 4.12, >= 4.12.5)
    nanoc-cli (4.13.5)
      cri (~> 2.15)
      diff-lcs (~> 1.3)
      logger (~> 1.6)
      nanoc-core (= 4.13.5)
      pry
      zeitwerk (~> 2.1)
    nanoc-core (4.13.5)
      base64 (~> 0.2)
      concurrent-ruby (~> 1.1)
      ddmetrics (~> 1.0)
      ddplugin (~> 1.0)
      immutable-ruby (~> 0.1)
      json_schema (~> 0.19)
      memo_wise (~> 1.5)
      slow_enumerator_tools (~> 1.0)
      tty-platform (~> 0.2)
      zeitwerk (~> 2.1)
    nanoc-deploying (1.0.2)
      nanoc-checking (~> 1.0)
      nanoc-cli (~> 4.11, >= 4.11.15)
      nanoc-core (~> 4.11, >= 4.11.15)
    nanoc-live (1.1.0)
      adsf-live (~> 1.4)
      listen (~> 3.0)
      nanoc-cli (~> 4.11, >= 4.11.14)
      nanoc-core (~> 4.11, >= 4.11.14)
    parallel (1.27.0)
    pastel (0.8.0)
      tty-color (~> 0.5)
    pry (0.15.2)
      coderay (~> 1.1)
      method_source (~> 1.0)
    public_suffix (6.0.2)
    rack (3.1.16)
    rackup (2.2.1)
      rack (>= 3)
    rb-fsevent (0.11.2)
    rb-inotify (0.11.1)
      ffi (~> 1.0)
    rbtree (0.4.6)
    set (1.1.2)
    slow_enumerator_tools (1.1.0)
    sorted_set (1.0.3)
      rbtree
      set (~> 1.0)
    tty-color (0.6.0)
    tty-command (0.10.1)
      pastel (~> 0.8)
    tty-platform (0.3.0)
    tty-which (0.5.0)
    webrick (1.9.1)
    zeitwerk (2.7.3)

PLATFORMS
  ruby
  x86_64-darwin-24

DEPENDENCIES
  adsf
  nanoc (~> 4.13)
  nanoc-live
  webrick

BUNDLED WITH
   2.5.11

===== LOAD PATHS:

  0. /Users/parolkar/workspace/smallpe/vendor/bundle/ruby/3.3.0/gems/http_parser.rb-0.8.0/lib
  1. /Users/parolkar/workspace/smallpe/vendor/bundle/ruby/3.3.0/gems/em-websocket-0.5.3/lib/../lib
  2. /Users/parolkar/workspace/smallpe/vendor/bundle/ruby/3.3.0/gems/webrick-1.9.1/lib
  3. /Users/parolkar/workspace/smallpe/vendor/bundle/ruby/3.3.0/gems/nanoc-live-1.1.0/lib
  4. /Users/parolkar/workspace/smallpe/vendor/bundle/ruby/3.3.0/gems/nanoc-4.13.5/lib
  5. /Users/parolkar/workspace/smallpe/vendor/bundle/ruby/3.3.0/gems/tty-which-0.5.0/lib
  6. /Users/parolkar/workspace/smallpe/vendor/bundle/ruby/3.3.0/gems/tty-command-0.10.1/lib
  7. /Users/parolkar/workspace/smallpe/vendor/bundle/ruby/3.3.0/gems/pastel-0.8.0/lib
  8. /Users/parolkar/workspace/smallpe/vendor/bundle/ruby/3.3.0/gems/tty-color-0.6.0/lib
  9. /Users/parolkar/workspace/smallpe/vendor/bundle/ruby/3.3.0/gems/parallel-1.27.0/lib
  10. /Users/parolkar/workspace/smallpe/vendor/bundle/ruby/3.3.0/gems/nanoc-deploying-1.0.2/lib
  11. /Users/parolkar/workspace/smallpe/vendor/bundle/ruby/3.3.0/gems/nanoc-checking-1.0.6/lib
  12. /Users/parolkar/workspace/smallpe/vendor/bundle/ruby/3.3.0/gems/nanoc-cli-4.13.5/lib
  13. /Users/parolkar/workspace/smallpe/vendor/bundle/ruby/3.3.0/gems/pry-0.15.2/lib
  14. /Users/parolkar/workspace/smallpe/vendor/bundle/ruby/3.3.0/gems/nanoc-core-4.13.5/lib
  15. /Users/parolkar/workspace/smallpe/vendor/bundle/ruby/3.3.0/gems/zeitwerk-2.7.3/lib
  16. /Users/parolkar/workspace/smallpe/vendor/bundle/ruby/3.3.0/gems/tty-platform-0.3.0/lib
  17. /Users/parolkar/workspace/smallpe/vendor/bundle/ruby/3.3.0/gems/slow_enumerator_tools-1.1.0/lib
  18. /Users/parolkar/workspace/smallpe/vendor/bundle/ruby/3.3.0/gems/method_source-1.1.0/lib
  19. /Users/parolkar/workspace/smallpe/vendor/bundle/ruby/3.3.0/gems/memo_wise-1.13.0/lib
  20. /Users/parolkar/workspace/smallpe/vendor/bundle/ruby/3.3.0/gems/logger-1.7.0/lib
  21. /Users/parolkar/workspace/smallpe/vendor/bundle/ruby/3.3.0/gems/json_schema-0.21.0/lib
  22. /Users/parolkar/workspace/smallpe/vendor/bundle/ruby/3.3.0/gems/immutable-ruby-0.2.0/lib
  23. /Users/parolkar/workspace/smallpe/vendor/bundle/ruby/3.3.0/gems/sorted_set-1.0.3/lib
  24. /Users/parolkar/workspace/smallpe/vendor/bundle/ruby/3.3.0/gems/set-1.1.2/lib
  25. /Users/parolkar/workspace/smallpe/vendor/bundle/ruby/3.3.0/gems/rbtree-0.4.6/lib
  26. /Users/parolkar/workspace/smallpe/vendor/bundle/ruby/3.3.0/extensions/x86_64-darwin-24/3.3.0/rbtree-0.4.6
  27. /Users/parolkar/workspace/smallpe/vendor/bundle/ruby/3.3.0/gems/diff-lcs-1.6.2/lib
  28. /Users/parolkar/workspace/smallpe/vendor/bundle/ruby/3.3.0/gems/ddplugin-1.0.3/lib
  29. /Users/parolkar/workspace/smallpe/vendor/bundle/ruby/3.3.0/gems/ddmetrics-1.1.0/lib
  30. /Users/parolkar/workspace/smallpe/vendor/bundle/ruby/3.3.0/gems/cri-2.15.12/lib
  31. /Users/parolkar/workspace/smallpe/vendor/bundle/ruby/3.3.0/gems/concurrent-ruby-1.3.5/lib/concurrent-ruby
  32. /Users/parolkar/workspace/smallpe/vendor/bundle/ruby/3.3.0/gems/coderay-1.1.3/lib
  33. /Users/parolkar/.rvm/rubies/ruby-3.3.4/lib/ruby/3.3.0/gems/bundler-2.5.11/lib
  34. /Users/parolkar/workspace/smallpe/vendor/bundle/ruby/3.3.0/gems/base64-0.3.0/lib
  35. /Users/parolkar/workspace/smallpe/vendor/bundle/ruby/3.3.0/gems/adsf-live-1.5.2/lib
  36. /Users/parolkar/workspace/smallpe/vendor/bundle/ruby/3.3.0/gems/listen-3.9.0/lib
  37. /Users/parolkar/workspace/smallpe/vendor/bundle/ruby/3.3.0/gems/rb-inotify-0.11.1/lib
  38. /Users/parolkar/workspace/smallpe/vendor/bundle/ruby/3.3.0/gems/ffi-1.17.2-x86_64-darwin/lib
  39. /Users/parolkar/workspace/smallpe/vendor/bundle/ruby/3.3.0/gems/rb-fsevent-0.11.2/lib
  40. /Users/parolkar/workspace/smallpe/vendor/bundle/ruby/3.3.0/gems/em-websocket-0.5.3/lib
  41. /Users/parolkar/workspace/smallpe/vendor/bundle/ruby/3.3.0/gems/http_parser.rb-0.8.0/lib
  42. /Users/parolkar/workspace/smallpe/vendor/bundle/ruby/3.3.0/extensions/x86_64-darwin-24/3.3.0/http_parser.rb-0.8.0
  43. /Users/parolkar/workspace/smallpe/vendor/bundle/ruby/3.3.0/gems/eventmachine-1.2.7/lib
  44. /Users/parolkar/workspace/smallpe/vendor/bundle/ruby/3.3.0/extensions/x86_64-darwin-24/3.3.0/eventmachine-1.2.7
  45. /Users/parolkar/workspace/smallpe/vendor/bundle/ruby/3.3.0/gems/adsf-1.5.2/lib
  46. /Users/parolkar/workspace/smallpe/vendor/bundle/ruby/3.3.0/gems/rackup-2.2.1/lib
  47. /Users/parolkar/workspace/smallpe/vendor/bundle/ruby/3.3.0/gems/rack-3.1.16/lib
  48. /Users/parolkar/workspace/smallpe/vendor/bundle/ruby/3.3.0/gems/addressable-2.8.7/lib
  49. /Users/parolkar/workspace/smallpe/vendor/bundle/ruby/3.3.0/gems/public_suffix-6.0.2/lib
  50. /Users/parolkar/.rvm/rubies/ruby-3.3.4/lib/ruby/site_ruby/3.3.0
  51. /Users/parolkar/.rvm/rubies/ruby-3.3.4/lib/ruby/site_ruby/3.3.0/x86_64-darwin24
  52. /Users/parolkar/.rvm/rubies/ruby-3.3.4/lib/ruby/site_ruby
  53. /Users/parolkar/.rvm/rubies/ruby-3.3.4/lib/ruby/vendor_ruby/3.3.0
  54. /Users/parolkar/.rvm/rubies/ruby-3.3.4/lib/ruby/vendor_ruby/3.3.0/x86_64-darwin24
  55. /Users/parolkar/.rvm/rubies/ruby-3.3.4/lib/ruby/vendor_ruby
  56. /Users/parolkar/.rvm/rubies/ruby-3.3.4/lib/ruby/3.3.0
  57. /Users/parolkar/.rvm/rubies/ruby-3.3.4/lib/ruby/3.3.0/x86_64-darwin24
